2025-04-22 16:31:00,667 - DEBUG - User created: <User test_user>
2025-04-22 16:31:11,771 - DEBUG - Question created: <Question 질문 제목>
2025-04-22 16:36:57,399 - DEBUG - Questions read: 1 questions found
2025-04-22 16:44:30,566 - DEBUG - Question updated: <Question 수정된 질문 제목>
2025-04-22 16:44:37,601 - DEBUG - Question updated: <Question 수정된 질문 제목>
2025-04-22 16:44:38,888 - DEBUG - Question updated: <Question 수정된 질문 제목>
2025-04-22 16:44:46,298 - DEBUG - Question updated: <Question 수정된 질문 제목>
2025-04-22 16:44:47,361 - DEBUG - Question updated: <Question 수정된 질문 제목>
2025-04-22 16:44:47,760 - DEBUG - Question updated: <Question 수정된 질문 제목>
2025-04-22 16:44:50,767 - DEBUG - Question updated: <Question 수정된 질문 제목>
2025-04-22 16:44:51,224 - DEBUG - Question updated: <Question 수정된 질문 제목>
2025-04-22 16:44:51,509 - DEBUG - Question updated: <Question 수정된 질문 제목>
2025-04-22 16:45:16,455 - DEBUG - Question updated: <Question 수정된 질문 제목>
2025-04-22 16:45:19,057 - DEBUG - Question updated: <Question 수정된 질문 제목>
2025-04-22 16:48:37,156 - DEBUG - Question deleted: <Question 수정된 질문 제목>
2025-04-22 16:48:44,391 - DEBUG - Question created: <Question 질문 제목>
2025-04-22 16:48:46,616 - DEBUG - Question created: <Question 질문 제목>
2025-04-22 16:48:46,765 - DEBUG - Question created: <Question 질문 제목>
2025-04-22 16:48:46,869 - DEBUG - Question created: <Question 질문 제목>
2025-04-22 16:48:46,989 - DEBUG - Question created: <Question 질문 제목>
2025-04-22 16:48:47,119 - DEBUG - Question created: <Question 질문 제목>
2025-04-22 16:48:47,237 - DEBUG - Question created: <Question 질문 제목>
2025-04-22 16:48:54,952 - DEBUG - Question updated: <Question 수정된 질문 제목>
2025-04-22 16:49:00,980 - DEBUG - Question deleted: <Question 수정된 질문 제목>
2025-04-22 16:49:06,596 - DEBUG - Questions read: 6 questions found
